03-20 11:11:31 com_github_MitjaNemec_PlaceFootprints.action_place_footprints 674:Plugin executed on: 'win32'
03-20 11:11:31 com_github_MitjaNemec_PlaceFootprints.action_place_footprints 675:Plugin executed with python version: '3.11.5 (main, Jan 27 2025, 07:08:36) [MSC v.1942 64 bit (AMD64)]'
03-20 11:11:31 com_github_MitjaNemec_PlaceFootprints.action_place_footprints 676:KiCad build version: 9.0.0
03-20 11:11:31 com_github_MitjaNemec_PlaceFootprints.action_place_footprints 677:Plugin version: 4.0.1
03-20 11:11:31 com_github_MitjaNemec_PlaceFootprints.action_place_footprints 678:Frame repr: <wx._core.Frame object at 0x000002AC8363C4C0>
03-20 11:11:31 com_github_MitjaNemec_PlaceFootprints.place_footprints 121:getting a list of all footprints on board
03-20 11:11:31 com_github_MitjaNemec_PlaceFootprints.place_footprints 156:Footprint R8 on root level
03-20 11:11:31 com_github_MitjaNemec_PlaceFootprints.place_footprints 156:Footprint R7 on root level
03-20 11:11:31 com_github_MitjaNemec_PlaceFootprints.place_footprints 156:Footprint R6 on root level
03-20 11:11:31 com_github_MitjaNemec_PlaceFootprints.place_footprints 156:Footprint R5 on root level
03-20 11:11:31 com_github_MitjaNemec_PlaceFootprints.place_footprints 156:Footprint R4 on root level
03-20 11:11:31 com_github_MitjaNemec_PlaceFootprints.place_footprints 156:Footprint R3 on root level
03-20 11:11:31 com_github_MitjaNemec_PlaceFootprints.place_footprints 156:Footprint R2 on root level
03-20 11:11:31 com_github_MitjaNemec_PlaceFootprints.place_footprints 156:Footprint R1 on root level
03-20 11:11:31 com_github_MitjaNemec_PlaceFootprints.place_footprints 156:Footprint NP3 on root level
03-20 11:11:31 com_github_MitjaNemec_PlaceFootprints.place_footprints 156:Footprint L2 on root level
03-20 11:11:31 com_github_MitjaNemec_PlaceFootprints.place_footprints 156:Footprint JP3 on root level
03-20 11:11:31 com_github_MitjaNemec_PlaceFootprints.place_footprints 156:Footprint JP2 on root level
03-20 11:11:31 com_github_MitjaNemec_PlaceFootprints.place_footprints 156:Footprint JP1 on root level
03-20 11:11:31 com_github_MitjaNemec_PlaceFootprints.place_footprints 156:Footprint J7 on root level
03-20 11:11:31 com_github_MitjaNemec_PlaceFootprints.place_footprints 156:Footprint J6 on root level
03-20 11:11:31 com_github_MitjaNemec_PlaceFootprints.place_footprints 156:Footprint J5 on root level
03-20 11:11:31 com_github_MitjaNemec_PlaceFootprints.place_footprints 156:Footprint J4 on root level
03-20 11:11:31 com_github_MitjaNemec_PlaceFootprints.place_footprints 156:Footprint J3 on root level
03-20 11:11:31 com_github_MitjaNemec_PlaceFootprints.place_footprints 156:Footprint J2 on root level
03-20 11:11:31 com_github_MitjaNemec_PlaceFootprints.place_footprints 156:Footprint J1 on root level
03-20 11:11:31 com_github_MitjaNemec_PlaceFootprints.place_footprints 156:Footprint ICM1 on root level
03-20 11:11:31 com_github_MitjaNemec_PlaceFootprints.place_footprints 156:Footprint IC1 on root level
03-20 11:11:31 com_github_MitjaNemec_PlaceFootprints.place_footprints 156:Footprint H2 on root level
03-20 11:11:31 com_github_MitjaNemec_PlaceFootprints.place_footprints 156:Footprint H1 on root level
03-20 11:11:31 com_github_MitjaNemec_PlaceFootprints.place_footprints 156:Footprint DT5 on root level
03-20 11:11:31 com_github_MitjaNemec_PlaceFootprints.place_footprints 156:Footprint DT3 on root level
03-20 11:11:31 com_github_MitjaNemec_PlaceFootprints.place_footprints 156:Footprint D12 on root level
03-20 11:11:31 com_github_MitjaNemec_PlaceFootprints.place_footprints 156:Footprint D11 on root level
03-20 11:11:31 com_github_MitjaNemec_PlaceFootprints.place_footprints 156:Footprint C13 on root level
03-20 11:11:31 com_github_MitjaNemec_PlaceFootprints.place_footprints 156:Footprint C11 on root level
03-20 11:11:31 com_github_MitjaNemec_PlaceFootprints.place_footprints 156:Footprint C1 on root level
03-20 11:11:31 com_github_MitjaNemec_PlaceFootprints.action_place_footprints 717:Reference footprint='J1'
03-20 11:11:32 com_github_MitjaNemec_PlaceFootprints.action_place_footprints 858:Reference designator is: J
03-20 11:11:32 com_github_MitjaNemec_PlaceFootprints.action_place_footprints 859:Reference number is: 1
03-20 11:11:32 com_github_MitjaNemec_PlaceFootprints.action_place_footprints 891:Sorted and filtered list:
['J1', 'J2', 'J3', 'J4', 'J5', 'J6', 'J7']
03-20 11:11:32 com_github_MitjaNemec_PlaceFootprints.action_place_footprints 376:wx.Colour(240, 240, 240, 255)
03-20 11:11:38 com_github_MitjaNemec_PlaceFootprints.action_place_footprints 507:'8'
03-20 11:11:38 com_github_MitjaNemec_PlaceFootprints.action_place_footprints 553:Preparing config for reference linear
03-20 11:11:38 com_github_MitjaNemec_PlaceFootprints.action_place_footprints 573:Saving config file
03-20 11:11:38 com_github_MitjaNemec_PlaceFootprints.action_place_footprints 575:Saved the config file
03-20 11:11:38 com_github_MitjaNemec_PlaceFootprints.action_place_footprints 929:Footprints to place:
['J1', 'J2', 'J3', 'J4']
03-20 11:11:38 com_github_MitjaNemec_PlaceFootprints.place_footprints 396:Starting placing with linear layout
03-20 11:11:38 com_github_MitjaNemec_PlaceFootprints.action_place_footprints 970:Placing complete
