03-11 16:00:33 com_github_MitjaNemec_PlaceFootprints.action_place_footprints 674:Plugin executed on: 'win32'
03-11 16:00:33 com_github_MitjaNemec_PlaceFootprints.action_place_footprints 675:Plugin executed with python version: '3.11.5 (main, Sep 17 2025, 01:04:48) [MSC v.1944 64 bit (AMD64)]'
03-11 16:00:33 com_github_MitjaNemec_PlaceFootprints.action_place_footprints 676:KiCad build version: 9.0.5
03-11 16:00:33 com_github_MitjaNemec_PlaceFootprints.action_place_footprints 677:Plugin version: 4.0.1
03-11 16:00:33 com_github_MitjaNemec_PlaceFootprints.action_place_footprints 678:Frame repr: <wx._core.Frame object at 0x0000020FC231C5E0>
03-11 16:00:33 com_github_MitjaNemec_PlaceFootprints.place_footprints 121:getting a list of all footprints on board
03-11 16:00:33 com_github_MitjaNemec_PlaceFootprints.place_footprints 156:Footprint IC1 on root level
03-11 16:00:33 com_github_MitjaNemec_PlaceFootprints.place_footprints 156:Footprint U1 on root level
03-11 16:00:33 com_github_MitjaNemec_PlaceFootprints.place_footprints 156:Footprint IC4 on root level
03-11 16:00:33 com_github_MitjaNemec_PlaceFootprints.place_footprints 156:Footprint L2 on root level
03-11 16:00:33 com_github_MitjaNemec_PlaceFootprints.place_footprints 156:Footprint R2 on root level
03-11 16:00:33 com_github_MitjaNemec_PlaceFootprints.place_footprints 156:Footprint U2 on root level
03-11 16:00:33 com_github_MitjaNemec_PlaceFootprints.place_footprints 156:Footprint IC2 on root level
03-11 16:00:33 com_github_MitjaNemec_PlaceFootprints.place_footprints 156:Footprint PS1 on root level
03-11 16:00:33 com_github_MitjaNemec_PlaceFootprints.place_footprints 156:Footprint R4 on root level
03-11 16:00:33 com_github_MitjaNemec_PlaceFootprints.place_footprints 156:Footprint NP3 on root level
03-11 16:00:33 com_github_MitjaNemec_PlaceFootprints.place_footprints 156:Footprint R5 on root level
03-11 16:00:33 com_github_MitjaNemec_PlaceFootprints.place_footprints 156:Footprint X1 on root level
03-11 16:00:33 com_github_MitjaNemec_PlaceFootprints.place_footprints 156:Footprint R3 on root level
03-11 16:00:33 com_github_MitjaNemec_PlaceFootprints.place_footprints 156:Footprint L1 on root level
03-11 16:00:33 com_github_MitjaNemec_PlaceFootprints.place_footprints 156:Footprint R6 on root level
03-11 16:00:33 com_github_MitjaNemec_PlaceFootprints.place_footprints 156:Footprint JP1 on root level
03-11 16:00:33 com_github_MitjaNemec_PlaceFootprints.place_footprints 156:Footprint ICM1 on root level
03-11 16:00:33 com_github_MitjaNemec_PlaceFootprints.place_footprints 156:Footprint R1 on root level
03-11 16:00:33 com_github_MitjaNemec_PlaceFootprints.place_footprints 156:Footprint NP1 on root level
03-11 16:00:33 com_github_MitjaNemec_PlaceFootprints.place_footprints 156:Footprint NP2 on root level
03-11 16:00:33 com_github_MitjaNemec_PlaceFootprints.place_footprints 156:Footprint JP2 on root level
03-11 16:00:33 com_github_MitjaNemec_PlaceFootprints.place_footprints 156:Footprint IC3 on root level
03-11 16:00:33 com_github_MitjaNemec_PlaceFootprints.place_footprints 156:Footprint D1 on root level
03-11 16:00:33 com_github_MitjaNemec_PlaceFootprints.place_footprints 156:Footprint JP3 on root level
03-11 16:00:33 com_github_MitjaNemec_PlaceFootprints.place_footprints 156:Footprint P10 on root level
03-11 16:00:33 com_github_MitjaNemec_PlaceFootprints.place_footprints 156:Footprint P9 on root level
03-11 16:00:33 com_github_MitjaNemec_PlaceFootprints.place_footprints 156:Footprint P8 on root level
03-11 16:00:33 com_github_MitjaNemec_PlaceFootprints.place_footprints 156:Footprint P7 on root level
03-11 16:00:33 com_github_MitjaNemec_PlaceFootprints.place_footprints 156:Footprint P4 on root level
03-11 16:00:33 com_github_MitjaNemec_PlaceFootprints.place_footprints 156:Footprint P3 on root level
03-11 16:00:33 com_github_MitjaNemec_PlaceFootprints.place_footprints 156:Footprint P2 on root level
03-11 16:00:33 com_github_MitjaNemec_PlaceFootprints.place_footprints 156:Footprint P1 on root level
03-11 16:00:33 com_github_MitjaNemec_PlaceFootprints.place_footprints 156:Footprint R8 on root level
03-11 16:00:33 com_github_MitjaNemec_PlaceFootprints.place_footprints 156:Footprint D8 on root level
03-11 16:00:33 com_github_MitjaNemec_PlaceFootprints.place_footprints 156:Footprint H3 on root level
03-11 16:00:33 com_github_MitjaNemec_PlaceFootprints.place_footprints 156:Footprint D3 on root level
03-11 16:00:33 com_github_MitjaNemec_PlaceFootprints.place_footprints 156:Footprint R10 on root level
03-11 16:00:33 com_github_MitjaNemec_PlaceFootprints.place_footprints 156:Footprint K2 on root level
03-11 16:00:33 com_github_MitjaNemec_PlaceFootprints.place_footprints 156:Footprint H4 on root level
03-11 16:00:33 com_github_MitjaNemec_PlaceFootprints.place_footprints 156:Footprint R11 on root level
03-11 16:00:33 com_github_MitjaNemec_PlaceFootprints.place_footprints 156:Footprint R9 on root level
03-11 16:00:33 com_github_MitjaNemec_PlaceFootprints.place_footprints 156:Footprint C6 on root level
03-11 16:00:33 com_github_MitjaNemec_PlaceFootprints.place_footprints 156:Footprint J2 on root level
03-11 16:00:33 com_github_MitjaNemec_PlaceFootprints.place_footprints 156:Footprint DRV1 on root level
03-11 16:00:33 com_github_MitjaNemec_PlaceFootprints.place_footprints 156:Footprint D2 on root level
03-11 16:00:33 com_github_MitjaNemec_PlaceFootprints.place_footprints 156:Footprint Bat1 on root level
03-11 16:00:33 com_github_MitjaNemec_PlaceFootprints.place_footprints 156:Footprint F1 on root level
03-11 16:00:33 com_github_MitjaNemec_PlaceFootprints.place_footprints 156:Footprint DRV2 on root level
03-11 16:00:33 com_github_MitjaNemec_PlaceFootprints.place_footprints 156:Footprint H1 on root level
03-11 16:00:33 com_github_MitjaNemec_PlaceFootprints.place_footprints 156:Footprint H2 on root level
03-11 16:00:33 com_github_MitjaNemec_PlaceFootprints.place_footprints 156:Footprint R7 on root level
03-11 16:00:33 com_github_MitjaNemec_PlaceFootprints.place_footprints 156:Footprint D5 on root level
03-11 16:00:33 com_github_MitjaNemec_PlaceFootprints.place_footprints 156:Footprint P6 on root level
03-11 16:00:33 com_github_MitjaNemec_PlaceFootprints.place_footprints 156:Footprint C1 on root level
03-11 16:00:33 com_github_MitjaNemec_PlaceFootprints.place_footprints 156:Footprint D4 on root level
03-11 16:00:33 com_github_MitjaNemec_PlaceFootprints.place_footprints 156:Footprint D6 on root level
03-11 16:00:33 com_github_MitjaNemec_PlaceFootprints.place_footprints 156:Footprint P5 on root level
03-11 16:00:33 com_github_MitjaNemec_PlaceFootprints.action_place_footprints 717:Reference footprint='P7'
03-11 16:00:34 com_github_MitjaNemec_PlaceFootprints.action_place_footprints 858:Reference designator is: P
03-11 16:00:34 com_github_MitjaNemec_PlaceFootprints.action_place_footprints 859:Reference number is: 7
03-11 16:00:34 com_github_MitjaNemec_PlaceFootprints.action_place_footprints 891:Sorted and filtered list:
['P1', 'P2', 'P3', 'P4', 'P5', 'P6', 'P7', 'P8', 'P9', 'P10']
03-11 16:00:34 com_github_MitjaNemec_PlaceFootprints.action_place_footprints 376:wx.Colour(240, 240, 240, 255)
03-11 16:00:38 com_github_MitjaNemec_PlaceFootprints.action_place_footprints 507:'8'
03-11 16:00:38 com_github_MitjaNemec_PlaceFootprints.action_place_footprints 566:Preparing config for reference matrix
03-11 16:00:38 com_github_MitjaNemec_PlaceFootprints.action_place_footprints 573:Saving config file
03-11 16:00:38 com_github_MitjaNemec_PlaceFootprints.action_place_footprints 575:Saved the config file
03-11 16:00:38 com_github_MitjaNemec_PlaceFootprints.action_place_footprints 929:Footprints to place:
['P7', 'P8', 'P9', 'P10']
03-11 16:00:38 com_github_MitjaNemec_PlaceFootprints.place_footprints 427:Starting placing with matrix layout
03-11 16:00:38 com_github_MitjaNemec_PlaceFootprints.action_place_footprints 999:Placing complete
